<?xml version="1.0" encoding="UTF-8"?>
<!-- Generated by org.testng.reporters.JUnitReportReporter -->
<testsuite hostname="Maheshwarya" failures="0" tests="4" name="Test.InvalidLogin" time="5.061" errors="0" timestamp="2025-03-17T12:22:45 IST" skipped="0">
  <testcase classname="Test.InvalidLogin" name="testValidLogin" time="1.754"/>
  <system-out/>
  <testcase classname="Test.InvalidLogin" name="testValidLogin" time="0.862"/>
  <system-out/>
  <testcase classname="Test.InvalidLogin" name="testValidLogin" time="0.848"/>
  <system-out/>
  <testcase classname="Test.InvalidLogin" name="testValidLogin" time="1.597"/>
  <system-out/>
</testsuite> <!-- Test.InvalidLogin -->
